20210208 16:52:18 INFO  [main] ims.IMS IMS.java40 - Welcome to the Inventory Management System!
20210208 16:52:18 INFO  [main] ims.IMS IMS.java45 - Which entity would you like to use?
20210208 16:52:18 INFO  [main] domain.Domain Domain.java27 - CUSTOMER: Information about customers
20210208 16:52:18 INFO  [main] domain.Domain Domain.java27 - ITEM: Individual Items
20210208 16:52:18 INFO  [main] domain.Domain Domain.java27 - ORDER: Purchases of items
20210208 16:52:18 INFO  [main] domain.Domain Domain.java27 - STOP: To close the application
20210208 16:52:20 INFO  [main] ims.IMS IMS.java76 - What would you like to do with order:
20210208 16:52:20 INFO  [main] controller.Action Action.java38 - CREATE: To save a new entity into the database
20210208 16:52:20 INFO  [main] controller.Action Action.java38 - READ: To read an entity from the database
20210208 16:52:20 INFO  [main] controller.Action Action.java38 - UPDATE: To change an entity already in the database
20210208 16:52:20 INFO  [main] controller.Action Action.java38 - DELETE: To remove an entity from the database
20210208 16:52:20 INFO  [main] controller.Action Action.java38 - RETURN: To return to domain selection
20210208 16:52:22 INFO  [main] controller.OrderController OrderController.java35 - id:1Customer ID 1
20210208 16:52:22 INFO  [main] controller.OrderController OrderController.java35 - id:2Customer ID 1
20210208 16:52:22 INFO  [main] controller.OrderController OrderController.java35 - id:3Customer ID 1
20210208 16:52:22 INFO  [main] ims.IMS IMS.java76 - What would you like to do with order:
20210208 16:52:22 INFO  [main] controller.Action Action.java38 - CREATE: To save a new entity into the database
20210208 16:52:22 INFO  [main] controller.Action Action.java38 - READ: To read an entity from the database
20210208 16:52:22 INFO  [main] controller.Action Action.java38 - UPDATE: To change an entity already in the database
20210208 16:52:22 INFO  [main] controller.Action Action.java38 - DELETE: To remove an entity from the database
20210208 16:52:22 INFO  [main] controller.Action Action.java38 - RETURN: To return to domain selection
20210208 17:06:45 INFO  [main] ims.IMS IMS.java45 - Which entity would you like to use?
20210208 17:06:45 INFO  [main] domain.Domain Domain.java27 - CUSTOMER: Information about customers
20210208 17:06:45 INFO  [main] domain.Domain Domain.java27 - ITEM: Individual Items
20210208 17:06:45 INFO  [main] domain.Domain Domain.java27 - ORDER: Purchases of items
20210208 17:06:45 INFO  [main] domain.Domain Domain.java27 - STOP: To close the application
20210208 17:06:48 INFO  [main] ims.Runner Runner.java13 - SO LONG!
